23:31:26.468 [main] INFO  - Website opened and maximized
08:59:26.391 [main] INFO  - Website opened and maximized
08:59:52.586 [main] INFO  - Website opened and maximized
09:00:37.530 [main] INFO  - Website opened and maximized
09:05:33.362 [main] INFO  - Website opened and maximized
09:06:44.982 [main] INFO  - Website opened and maximized
09:07:59.188 [main] INFO  - Website opened and maximized
09:54:57.556 [main] INFO  - Website opened and maximized
10:02:59.101 [main] INFO  - Website opened and maximized
10:11:45.773 [main] INFO  - Website opened and maximized
10:19:01.544 [main] INFO  - Website opened and maximized
10:29:33.940 [main] INFO  - Website opened and maximized
10:30:35.413 [main] INFO  - Website opened and maximized
10:43:23.680 [main] INFO  - Website opened and maximized
10:49:45.278 [main] INFO  - Website opened and maximized
10:58:58.065 [main] INFO  - Website opened and maximized
11:01:04.020 [main] INFO  - Website opened and maximized
11:03:57.042 [main] INFO  - Website opened and maximized
11:04:55.771 [main] INFO  - Website opened and maximized
11:06:48.378 [main] INFO  - Website opened and maximized
11:07:17.506 [main] INFO  - Website opened and maximized
11:08:06.571 [main] INFO  - Website opened and maximized
11:12:48.483 [main] INFO  - Website opened and maximized
11:14:33.863 [main] INFO  - Website opened and maximized
11:26:32.140 [main] INFO  - Website opened and maximized
11:27:48.673 [main] INFO  - Website opened and maximized
11:30:40.984 [main] INFO  - Website opened and maximized
11:35:47.316 [main] INFO  - Website opened and maximized
11:36:20.184 [main] INFO  - Website opened and maximized
11:37:22.085 [main] INFO  - Website opened and maximized
11:38:46.222 [main] INFO  - Website opened and maximized
11:38:49.860 [main] INFO  - true
11:47:21.956 [main] INFO  - Website opened and maximized
11:49:29.242 [main] INFO  - Website opened and maximized
11:49:32.744 [main] INFO  - true
12:02:30.838 [main] INFO  - Website opened and maximized
12:04:13.889 [main] INFO  - Website opened and maximized
12:05:19.498 [main] INFO  - Website opened and maximized
12:07:08.993 [main] INFO  - Website opened and maximized
13:31:34.259 [main] INFO  - Website opened and maximized
13:32:49.738 [main] INFO  - Website opened and maximized
13:34:31.081 [main] INFO  - Website opened and maximized
13:35:03.584 [main] INFO  - Website opened and maximized
13:35:48.780 [main] INFO  - Website opened and maximized
13:38:02.382 [main] INFO  - Website opened and maximized
13:40:07.119 [main] INFO  - Website opened and maximized
13:41:03.325 [main] INFO  - Website opened and maximized
13:43:31.605 [main] INFO  - Website opened and maximized
13:44:29.736 [main] INFO  - Website opened and maximized
13:46:34.332 [main] INFO  - Website opened and maximized
13:47:48.836 [main] INFO  - Website opened and maximized
13:49:24.418 [main] INFO  - Website opened and maximized
13:52:32.075 [main] INFO  - Website opened and maximized
13:56:08.295 [main] INFO  - Website opened and maximized
14:05:23.012 [main] INFO  - Website opened and maximized
14:05:42.576 [main] INFO  - Items not removed from cart!
14:06:40.132 [main] INFO  - Website opened and maximized
14:07:27.146 [main] INFO  - Website opened and maximized
14:07:40.651 [main] INFO  - Items not removed from cart!
14:08:56.420 [main] INFO  - Website opened and maximized
14:08:59.704 [main] INFO  - Item removed from cart.
14:10:16.696 [main] INFO  - Website opened and maximized
14:10:23.390 [main] INFO  - Item removed from cart.
14:22:25.390 [main] INFO  - Website opened and maximized
14:22:28.688 [main] INFO  - Items not removed from cart!
14:23:57.339 [main] INFO  - Website opened and maximized
14:24:11.087 [main] INFO  - Items not removed from cart!
14:24:44.198 [main] INFO  - Website opened and maximized
14:32:50.300 [main] INFO  - Website opened and maximized
14:32:55.061 [main] INFO  - Item removed from cart.
14:33:25.396 [main] INFO  - Website opened and maximized
14:34:49.724 [main] INFO  - Website opened and maximized
14:44:26.268 [main] INFO  - Website opened and maximized
14:46:27.107 [main] INFO  - Website opened and maximized
14:48:39.369 [main] INFO  - Website opened and maximized
14:50:10.381 [main] INFO  - Website opened and maximized
14:51:44.012 [main] INFO  - Website opened and maximized
14:52:33.016 [main] INFO  - Website opened and maximized
14:55:50.750 [main] INFO  - Website opened and maximized
14:55:54.238 [main] INFO  - not displayed and not enabled
14:57:17.345 [main] INFO  - Website opened and maximized
14:57:20.646 [main] INFO  - enabled
15:01:19.228 [main] INFO  - Website opened and maximized
15:04:02.204 [main] INFO  - Website opened and maximized
15:04:05.861 [main] INFO  - enabled
15:17:26.256 [main] INFO  - Website opened and maximized
15:17:30.041 [main] INFO  - true
15:18:13.124 [main] INFO  - Website opened and maximized
15:18:16.843 [main] INFO  - true
15:19:16.517 [main] INFO  - Website opened and maximized
15:19:20.111 [main] INFO  - true
15:39:07.477 [main] INFO  - Website opened and maximized
15:40:21.790 [main] INFO  - Website opened and maximized
15:46:02.432 [main] INFO  - Website opened and maximized
15:46:02.963 [main] INFO  - Verification of captcha failed!
15:48:52.509 [main] INFO  - Website opened and maximized
15:59:48.249 [main] INFO  - Website opened and maximized
15:59:53.118 [main] INFO  - Verification of captcha failed!
16:04:04.143 [main] INFO  - Website opened and maximized
16:04:08.338 [main] INFO  - Verification of captcha failed!
16:06:39.298 [main] INFO  - Website opened and maximized
16:07:22.082 [main] INFO  - Website opened and maximized
16:08:18.940 [main] INFO  - Website opened and maximized
16:08:23.243 [main] INFO  - Verification of captcha failed!
16:08:57.869 [main] INFO  - Website opened and maximized
16:10:02.885 [main] INFO  - Website opened and maximized
16:14:37.960 [main] INFO  - Website opened and maximized
16:14:43.644 [main] INFO  - The following errors occurred:
Please complete the captcha and try again.
16:15:27.471 [main] INFO  - Website opened and maximized
16:15:32.648 [main] ERROR - The following errors occurred:
Please complete the captcha and try again.
16:17:43.650 [main] INFO  - Website opened and maximized
16:17:49.427 [main] ERROR - The following errors occurred:
Please complete the captcha and try again.
17:08:55.645 [main] INFO  - Website opened and maximized
17:09:00.811 [main] ERROR - The following errors occurred:
Please complete the captcha and try again.
10:29:07.391 [main] INFO  - Website opened and maximized
10:29:12.757 [main] ERROR - The following errors occurred:
Please complete the captcha and try again.
10:44:43.427 [main] INFO  - Website opened and maximized
11:06:40.715 [main] INFO  - Website opened and maximized
11:08:17.774 [main] INFO  - Website opened and maximized
11:19:20.077 [main] INFO  - Website opened and maximized
11:19:58.016 [main] INFO  - Website opened and maximized
11:21:06.621 [main] INFO  - Website opened and maximized
11:21:26.915 [main] INFO  - Website opened and maximized
11:22:50.102 [main] INFO  - Website opened and maximized
11:25:40.648 [main] INFO  - Website opened and maximized
11:28:13.462 [main] INFO  - Website opened and maximized
11:31:52.187 [main] INFO  - Website opened and maximized
11:33:06.209 [main] INFO  - Website opened and maximized
12:06:22.353 [main] INFO  - 1 Item removed
15:00:39.945 [main] INFO  - 1 Item removed from cart
15:02:47.063 [main] INFO  - 1 Item removed from cart
15:06:54.741 [main] INFO  - 1 Item removed from cart
15:09:13.075 [main] INFO  - 1 Item removed from cart
15:11:27.697 [main] INFO  - 1 Item removed from cart
15:12:22.241 [main] INFO  - 1 Item removed from cart
15:14:07.791 [main] INFO  - 1 Item removed from cart
15:16:43.759 [main] INFO  - 1 Item removed from cart
15:18:09.211 [main] INFO  - 1 Item removed from cart
15:19:36.224 [main] INFO  - 1 Item removed from cart
15:21:12.444 [main] INFO  - 1 Item removed from cart
15:27:58.700 [main] INFO  - 1 Item removed from cart
15:29:20.957 [main] INFO  - 1 Item removed from cart
15:29:21.945 [main] INFO  - The promotion code entered does not exist
15:31:27.503 [main] INFO  - 1 Item removed from cart
15:31:28.433 [main] INFO  - The promotion code entered does not exist
15:35:11.972 [main] INFO  - Website opened and maximized
15:35:18.477 [main] ERROR - The following errors occurred:
Please complete the captcha and try again.
15:35:39.150 [main] INFO  - 1 Item removed from cart
15:35:40.097 [main] INFO  - The promotion code entered does not exist
15:48:54.578 [main] INFO  - 1 Item removed from cart
15:48:55.578 [main] INFO  - The promotion code entered does not exist
16:47:53.007 [main] INFO  - inside the installation page
16:48:01.648 [main] INFO  - Products added to the cart
16:50:38.985 [main] INFO  - inside the installation page
16:50:50.176 [main] INFO  - Products added to the cart
16:53:07.597 [main] INFO  - inside the installation page
16:53:15.961 [main] INFO  - Products added to the cart
16:53:17.975 [main] INFO  - 1 Item removed from cart
16:53:18.912 [main] INFO  - The promotion code entered does not exist
16:56:10.543 [main] INFO  - inside the installation page
16:56:19.507 [main] INFO  - Products added to the cart
16:56:21.519 [main] INFO  - 1 Item removed from cart
16:56:22.432 [main] INFO  - The promotion code entered does not exist
16:56:23.717 [main] INFO  - Verification of captcha failed!
17:12:34.090 [main] INFO  - inside the installation page
17:12:42.994 [main] INFO  - Products added to the cart
17:12:45.041 [main] INFO  - 1 Item removed from cart
17:12:46.043 [main] INFO  - The promotion code entered does not exist
17:13:11.096 [main] INFO  - 1 Item removed from cart
17:26:58.466 [main] INFO  - 1 Item removed from cart
17:26:59.668 [main] INFO  - The promotion code entered does not exist
18:18:46.506 [main] INFO  - 1 Item removed from cart
18:18:47.801 [main] INFO  - The promotion code entered does not exist
18:39:06.346 [main] INFO  - 1 Item removed from cart
18:39:07.589 [main] INFO  - The promotion code entered does not exist
18:39:11.271 [main] INFO  - Verification of captcha failed!
18:48:43.827 [main] INFO  - 1 Item removed from cart
18:48:45.061 [main] INFO  - The promotion code entered does not exist
18:48:49.448 [main] INFO  - Verification of captcha failed!
18:54:58.531 [main] INFO  - 1 Item removed from cart
18:54:59.982 [main] INFO  - The promotion code entered does not exist
18:55:03.467 [main] INFO  - Verification of captcha failed!
18:57:49.335 [main] INFO  - 1 Item removed from cart
18:57:50.481 [main] INFO  - The promotion code entered does not exist
18:57:53.492 [main] INFO  - Verification of captcha failed!
19:02:11.391 [main] INFO  - 1 Item removed from cart
19:02:12.707 [main] INFO  - The promotion code entered does not exist
19:02:16.965 [main] INFO  - Verification of captcha failed!
19:04:24.470 [main] INFO  - 1 Item removed from cart
19:04:25.637 [main] INFO  - The promotion code entered does not exist
19:04:28.711 [main] INFO  - Verification of captcha failed!
19:06:09.643 [main] INFO  - 1 Item removed from cart
19:06:10.814 [main] INFO  - The promotion code entered does not exist
19:06:14.225 [main] INFO  - Verification of captcha failed!
19:08:40.163 [main] INFO  - 1 Item removed from cart
19:08:41.422 [main] INFO  - The promotion code entered does not exist
19:08:44.699 [main] INFO  - Verification of captcha failed!
19:11:55.026 [main] INFO  - 1 Item removed from cart
19:11:56.134 [main] INFO  - The promotion code entered does not exist
19:11:59.178 [main] INFO  - Verification of captcha failed!
19:12:59.104 [main] INFO  - 1 Item removed from cart
19:13:00.302 [main] INFO  - The promotion code entered does not exist
19:13:03.964 [main] INFO  - Verification of captcha failed!
19:21:43.003 [main] INFO  - 1 Item removed from cart
19:21:44.096 [main] INFO  - The promotion code entered does not exist
19:21:47.582 [main] INFO  - Verification of captcha failed!
19:27:44.058 [main] INFO  - 1 Item removed from cart
19:27:45.290 [main] INFO  - The promotion code entered does not exist
19:27:49.449 [main] INFO  - Verification of captcha failed!
19:28:40.939 [main] INFO  - 1 Item removed from cart
19:28:42.148 [main] INFO  - The promotion code entered does not exist
19:28:47.067 [main] INFO  - Verification of captcha failed!
19:33:35.329 [main] INFO  - 1 Item removed from cart
19:33:36.471 [main] INFO  - The promotion code entered does not exist
19:33:39.680 [main] INFO  - Verification of captcha failed!
19:38:22.670 [main] INFO  - 1 Item removed from cart
19:38:23.861 [main] INFO  - The promotion code entered does not exist
19:38:27.398 [main] INFO  - Verification of captcha failed!
19:39:39.374 [main] INFO  - 1 Item removed from cart
19:39:40.479 [main] INFO  - The promotion code entered does not exist
19:39:43.807 [main] INFO  - Verification of captcha failed!
19:40:31.587 [main] INFO  - 1 Item removed from cart
19:40:32.722 [main] INFO  - The promotion code entered does not exist
19:42:15.383 [main] INFO  - 1 Item removed from cart
19:42:16.525 [main] INFO  - The promotion code entered does not exist
19:45:39.878 [main] INFO  - 1 Item removed from cart
19:45:41.066 [main] INFO  - The promotion code entered does not exist
19:47:11.541 [main] INFO  - 1 Item removed from cart
19:47:12.710 [main] INFO  - The promotion code entered does not exist
19:49:20.210 [main] INFO  - 1 Item removed from cart
19:49:21.304 [main] INFO  - The promotion code entered does not exist
09:43:03.432 [main] INFO  - 1 Item removed from cart
09:43:04.888 [main] INFO  - The promotion code entered does not exist
09:52:42.031 [main] INFO  - 1 Item removed from cart
09:52:43.386 [main] INFO  - The promotion code entered does not exist
10:03:12.017 [main] INFO  - 1 Item removed from cart
10:03:13.322 [main] INFO  - The promotion code entered does not exist
10:08:16.280 [main] INFO  - 1 Item removed from cart
10:08:17.575 [main] INFO  - The promotion code entered does not exist
13:37:11.853 [main] INFO  - 1 Item removed from cart
13:37:13.466 [main] INFO  - The promotion code entered does not exist
13:43:57.689 [main] INFO  - 1 Item removed from cart
13:43:59.268 [main] INFO  - The promotion code entered does not exist
13:46:39.471 [main] INFO  - 1 Item removed from cart
13:46:40.881 [main] INFO  - The promotion code entered does not exist
13:51:36.054 [main] INFO  - 1 Item removed from cart
13:51:37.806 [main] INFO  - The promotion code entered does not exist
13:54:37.148 [main] INFO  - 1 Item removed from cart
13:54:39.118 [main] INFO  - The promotion code entered does not exist
14:02:54.607 [main] INFO  - 1 Item removed from cart
14:02:56.196 [main] INFO  - The promotion code entered does not exist
14:05:12.670 [main] INFO  - 1 Item removed from cart
14:05:14.174 [main] INFO  - The promotion code entered does not exist
14:05:21.636 [main] INFO  - Verification of captcha failed!
14:06:40.192 [main] INFO  - 1 Item removed from cart
14:06:41.743 [main] INFO  - The promotion code entered does not exist
14:06:51.380 [main] INFO  - Verification of captcha failed!
14:09:27.474 [main] INFO  - 1 Item removed from cart
14:09:29.269 [main] INFO  - The promotion code entered does not exist
14:09:34.533 [main] INFO  - Verification of captcha failed!
14:11:15.821 [main] INFO  - 1 Item removed from cart
14:11:17.244 [main] INFO  - The promotion code entered does not exist
14:11:22.366 [main] INFO  - Verification of captcha failed!
14:16:00.213 [main] INFO  - 1 Item removed from cart
14:16:01.698 [main] INFO  - The promotion code entered does not exist
14:16:06.744 [main] INFO  - Verification of captcha failed!
